<?xml version="1.0" encoding="UTF-8"?>
<testsuite name="EncryptDecryptTest" tests="1" skipped="0" failures="0" errors="0" timestamp="2021-02-06T14:31:07" hostname="DESKTOP-EC8FLHO" time="0.061">
  <properties/>
  <testcase name="start" classname="EncryptDecryptTest" time="0.061"/>
  <system-out><![CDATA[?[1;31m
Start test 1?[0m
dv ulfmw z givzhfiv!
]]></system-out>
  <system-err><![CDATA[]]></system-err>
</testsuite>
